[ERROR] [logMain] Going with default logging file
[MAIN] Starting Real Machine test...
[MAIN] Running CPU cycle...
[MAIN] CPU execution complete.
[MAIN] Final Register Values:
[ERROR] [logMain] Going with default logging file
[MAIN] Starting Real Machine test...
[MAIN] Running CPU cycle...
[MAIN] CPU execution complete.
[MAIN] Final Register Values:
[MAIN] Starting Real Machine test...
[MAIN] Running CPU cycle...
[MAIN] CPU execution complete.
[MAIN] Final Register Values:
[MAIN] Starting Real Machine test...
[MAIN] Running CPU cycle...
[MAIN] CPU execution complete.
[MAIN] Final Register Values:
[ERROR] [logMain] Going with default logging file
[MAIN] Starting Real Machine test...
[MAIN] Running CPU cycle...
[MAIN] CPU execution complete.
[MAIN] Final Register Values:
